{"C:\\Users\\Dexte\\Desktop\\guthrie\\lap2\\FlorinConnect-BE\\api\\database\\connect.js": {"path":"C:\\Users\\Dexte\\Desktop\\guthrie\\lap2\\FlorinConnect-BE\\api\\database\\connect.js","statementMap":{"0":{"start":{"line":1,"column":17},"end":{"line":1,"column":30}},"1":{"start":{"line":2,"column":11},"end":{"line":4,"column":2}},"2":{"start":{"line":6,"column":0},"end":{"line":6,"column":19}}},"fnMap":{},"branchMap":{},"s":{"0":3,"1":3,"2":3},"f":{},"b":{},"_coverageSchema":"1a1c01bbd47fc00a2c39e90264f33305004495a9","hash":"6b35e17be9b1f159b090ae5d75469af685a170bb"}
,"C:\\Users\\Dexte\\Desktop\\guthrie\\lap2\\FlorinConnect-BE\\api\\models\\Post.js": {"path":"C:\\Users\\Dexte\\Desktop\\guthrie\\lap2\\FlorinConnect-BE\\api\\models\\Post.js","statementMap":{"0":{"start":{"line":1,"column":11},"end":{"line":1,"column":44}},"1":{"start":{"line":5,"column":8},"end":{"line":5,"column":30}},"2":{"start":{"line":6,"column":8},"end":{"line":6,"column":36}},"3":{"start":{"line":7,"column":8},"end":{"line":7,"column":32}},"4":{"start":{"line":8,"column":8},"end":{"line":8,"column":26}},"5":{"start":{"line":9,"column":8},"end":{"line":9,"column":30}},"6":{"start":{"line":10,"column":8},"end":{"line":10,"column":38}},"7":{"start":{"line":11,"column":8},"end":{"line":11,"column":46}},"8":{"start":{"line":15,"column":57},"end":{"line":15,"column":61}},"9":{"start":{"line":16,"column":8},"end":{"line":18,"column":9}},"10":{"start":{"line":17,"column":12},"end":{"line":17,"column":47}},"11":{"start":{"line":19,"column":25},"end":{"line":19,"column":206}},"12":{"start":{"line":20,"column":8},"end":{"line":21,"column":41}},"13":{"start":{"line":21,"column":8},"end":{"line":21,"column":41}},"14":{"start":{"line":25,"column":25},"end":{"line":25,"column":162}},"15":{"start":{"line":26,"column":8},"end":{"line":28,"column":9}},"16":{"start":{"line":27,"column":12},"end":{"line":27,"column":46}},"17":{"start":{"line":29,"column":8},"end":{"line":29,"column":50}},"18":{"start":{"line":29,"column":38},"end":{"line":29,"column":49}},"19":{"start":{"line":33,"column":29},"end":{"line":33,"column":33}},"20":{"start":{"line":34,"column":25},"end":{"line":34,"column":256}},"21":{"start":{"line":35,"column":8},"end":{"line":37,"column":9}},"22":{"start":{"line":36,"column":12},"end":{"line":36,"column":67}},"23":{"start":{"line":38,"column":8},"end":{"line":38,"column":50}},"24":{"start":{"line":38,"column":38},"end":{"line":38,"column":49}},"25":{"start":{"line":42,"column":25},"end":{"line":42,"column":29}},"26":{"start":{"line":43,"column":25},"end":{"line":43,"column":195}},"27":{"start":{"line":44,"column":8},"end":{"line":46,"column":9}},"28":{"start":{"line":45,"column":12},"end":{"line":45,"column":69}},"29":{"start":{"line":47,"column":8},"end":{"line":47,"column":50}},"30":{"start":{"line":47,"column":38},"end":{"line":47,"column":49}},"31":{"start":{"line":51,"column":19},"end":{"line":51,"column":23}},"32":{"start":{"line":52,"column":25},"end":{"line":52,"column":188}},"33":{"start":{"line":53,"column":8},"end":{"line":55,"column":9}},"34":{"start":{"line":54,"column":12},"end":{"line":54,"column":58}},"35":{"start":{"line":56,"column":8},"end":{"line":56,"column":41}},"36":{"start":{"line":60,"column":45},"end":{"line":60,"column":49}},"37":{"start":{"line":61,"column":8},"end":{"line":63,"column":9}},"38":{"start":{"line":62,"column":12},"end":{"line":62,"column":47}},"39":{"start":{"line":64,"column":25},"end":{"line":64,"column":171}},"40":{"start":{"line":65,"column":8},"end":{"line":65,"column":41}},"41":{"start":{"line":69,"column":8},"end":{"line":77,"column":9}},"42":{"start":{"line":70,"column":29},"end":{"line":70,"column":111}},"43":{"start":{"line":71,"column":12},"end":{"line":73,"column":13}},"44":{"start":{"line":72,"column":16},"end":{"line":72,"column":65}},"45":{"start":{"line":74,"column":12},"end":{"line":74,"column":45}},"46":{"start":{"line":76,"column":12},"end":{"line":76,"column":53}},"47":{"start":{"line":81,"column":0},"end":{"line":81,"column":21}}},"fnMap":{"0":{"name":"(anonymous_0)","decl":{"start":{"line":4,"column":4},"end":{"line":4,"column":5}},"loc":{"start":{"line":4,"column":97},"end":{"line":12,"column":5}},"line":4},"1":{"name":"(anonymous_1)","decl":{"start":{"line":14,"column":4},"end":{"line":14,"column":5}},"loc":{"start":{"line":14,"column":29},"end":{"line":22,"column":5}},"line":14},"2":{"name":"(anonymous_2)","decl":{"start":{"line":24,"column":4},"end":{"line":24,"column":5}},"loc":{"start":{"line":24,"column":31},"end":{"line":30,"column":5}},"line":24},"3":{"name":"(anonymous_3)","decl":{"start":{"line":29,"column":33},"end":{"line":29,"column":34}},"loc":{"start":{"line":29,"column":38},"end":{"line":29,"column":49}},"line":29},"4":{"name":"(anonymous_4)","decl":{"start":{"line":32,"column":4},"end":{"line":32,"column":5}},"loc":{"start":{"line":32,"column":40},"end":{"line":39,"column":5}},"line":32},"5":{"name":"(anonymous_5)","decl":{"start":{"line":38,"column":33},"end":{"line":38,"column":34}},"loc":{"start":{"line":38,"column":38},"end":{"line":38,"column":49}},"line":38},"6":{"name":"(anonymous_6)","decl":{"start":{"line":41,"column":4},"end":{"line":41,"column":5}},"loc":{"start":{"line":41,"column":41},"end":{"line":48,"column":5}},"line":41},"7":{"name":"(anonymous_7)","decl":{"start":{"line":47,"column":33},"end":{"line":47,"column":34}},"loc":{"start":{"line":47,"column":38},"end":{"line":47,"column":49}},"line":47},"8":{"name":"(anonymous_8)","decl":{"start":{"line":50,"column":4},"end":{"line":50,"column":5}},"loc":{"start":{"line":50,"column":35},"end":{"line":57,"column":5}},"line":50},"9":{"name":"(anonymous_9)","decl":{"start":{"line":59,"column":4},"end":{"line":59,"column":5}},"loc":{"start":{"line":59,"column":26},"end":{"line":66,"column":5}},"line":59},"10":{"name":"(anonymous_10)","decl":{"start":{"line":68,"column":4},"end":{"line":68,"column":5}},"loc":{"start":{"line":68,"column":26},"end":{"line":78,"column":5}},"line":68}},"branchMap":{"0":{"loc":{"start":{"line":16,"column":8},"end":{"line":18,"column":9}},"type":"if","locations":[{"start":{"line":16,"column":8},"end":{"line":18,"column":9}},{"start":{},"end":{}}],"line":16},"1":{"loc":{"start":{"line":16,"column":11},"end":{"line":16,"column":57}},"type":"binary-expr","locations":[{"start":{"line":16,"column":11},"end":{"line":16,"column":22}},{"start":{"line":16,"column":26},"end":{"line":16,"column":35}},{"start":{"line":16,"column":39},"end":{"line":16,"column":45}},{"start":{"line":16,"column":49},"end":{"line":16,"column":57}}],"line":16},"2":{"loc":{"start":{"line":20,"column":8},"end":{"line":21,"column":41}},"type":"if","locations":[{"start":{"line":20,"column":8},"end":{"line":21,"column":41}},{"start":{},"end":{}}],"line":20},"3":{"loc":{"start":{"line":26,"column":8},"end":{"line":28,"column":9}},"type":"if","locations":[{"start":{"line":26,"column":8},"end":{"line":28,"column":9}},{"start":{},"end":{}}],"line":26},"4":{"loc":{"start":{"line":35,"column":8},"end":{"line":37,"column":9}},"type":"if","locations":[{"start":{"line":35,"column":8},"end":{"line":37,"column":9}},{"start":{},"end":{}}],"line":35},"5":{"loc":{"start":{"line":44,"column":8},"end":{"line":46,"column":9}},"type":"if","locations":[{"start":{"line":44,"column":8},"end":{"line":46,"column":9}},{"start":{},"end":{}}],"line":44},"6":{"loc":{"start":{"line":53,"column":8},"end":{"line":55,"column":9}},"type":"if","locations":[{"start":{"line":53,"column":8},"end":{"line":55,"column":9}},{"start":{},"end":{}}],"line":53},"7":{"loc":{"start":{"line":61,"column":8},"end":{"line":63,"column":9}},"type":"if","locations":[{"start":{"line":61,"column":8},"end":{"line":63,"column":9}},{"start":{},"end":{}}],"line":61},"8":{"loc":{"start":{"line":61,"column":11},"end":{"line":61,"column":42}},"type":"binary-expr","locations":[{"start":{"line":61,"column":11},"end":{"line":61,"column":20}},{"start":{"line":61,"column":24},"end":{"line":61,"column":30}},{"start":{"line":61,"column":34},"end":{"line":61,"column":42}}],"line":61},"9":{"loc":{"start":{"line":71,"column":12},"end":{"line":73,"column":13}},"type":"if","locations":[{"start":{"line":71,"column":12},"end":{"line":73,"column":13}},{"start":{},"end":{}}],"line":71}},"s":{"0":1,"1":14,"2":14,"3":14,"4":14,"5":14,"6":14,"7":14,"8":2,"9":2,"10":1,"11":1,"12":1,"13":1,"14":2,"15":2,"16":1,"17":1,"18":3,"19":2,"20":2,"21":2,"22":1,"23":1,"24":2,"25":2,"26":2,"27":2,"28":1,"29":1,"30":1,"31":2,"32":2,"33":2,"34":1,"35":1,"36":2,"37":2,"38":1,"39":1,"40":1,"41":2,"42":2,"43":1,"44":0,"45":1,"46":1,"47":1},"f":{"0":14,"1":2,"2":2,"3":3,"4":2,"5":2,"6":2,"7":1,"8":2,"9":2,"10":2},"b":{"0":[1,1],"1":[2,1,1,1],"2":[1,0],"3":[1,1],"4":[1,1],"5":[1,1],"6":[1,1],"7":[1,1],"8":[2,1,1],"9":[0,1]},"_coverageSchema":"1a1c01bbd47fc00a2c39e90264f33305004495a9","hash":"99604c9228dfebcd7a04cb7c1af023620d8dc08e"}
,"C:\\Users\\Dexte\\Desktop\\guthrie\\lap2\\FlorinConnect-BE\\api\\models\\Reply.js": {"path":"C:\\Users\\Dexte\\Desktop\\guthrie\\lap2\\FlorinConnect-BE\\api\\models\\Reply.js","statementMap":{"0":{"start":{"line":1,"column":11},"end":{"line":1,"column":44}},"1":{"start":{"line":5,"column":8},"end":{"line":5,"column":32}},"2":{"start":{"line":6,"column":8},"end":{"line":6,"column":30}},"3":{"start":{"line":7,"column":8},"end":{"line":7,"column":36}},"4":{"start":{"line":8,"column":8},"end":{"line":8,"column":30}},"5":{"start":{"line":9,"column":8},"end":{"line":9,"column":38}},"6":{"start":{"line":10,"column":8},"end":{"line":10,"column":46}},"7":{"start":{"line":14,"column":24},"end":{"line":14,"column":28}},"8":{"start":{"line":15,"column":40},"end":{"line":15,"column":44}},"9":{"start":{"line":16,"column":8},"end":{"line":18,"column":9}},"10":{"start":{"line":17,"column":12},"end":{"line":17,"column":47}},"11":{"start":{"line":19,"column":25},"end":{"line":19,"column":188}},"12":{"start":{"line":20,"column":8},"end":{"line":20,"column":42}},"13":{"start":{"line":24,"column":24},"end":{"line":24,"column":28}},"14":{"start":{"line":25,"column":25},"end":{"line":25,"column":195}},"15":{"start":{"line":26,"column":8},"end":{"line":28,"column":9}},"16":{"start":{"line":27,"column":12},"end":{"line":27,"column":61}},"17":{"start":{"line":29,"column":8},"end":{"line":29,"column":51}},"18":{"start":{"line":29,"column":38},"end":{"line":29,"column":50}},"19":{"start":{"line":33,"column":19},"end":{"line":33,"column":23}},"20":{"start":{"line":34,"column":25},"end":{"line":34,"column":191}},"21":{"start":{"line":35,"column":8},"end":{"line":37,"column":9}},"22":{"start":{"line":36,"column":12},"end":{"line":36,"column":59}},"23":{"start":{"line":38,"column":8},"end":{"line":38,"column":42}},"24":{"start":{"line":42,"column":24},"end":{"line":42,"column":28}},"25":{"start":{"line":43,"column":8},"end":{"line":45,"column":9}},"26":{"start":{"line":44,"column":12},"end":{"line":44,"column":47}},"27":{"start":{"line":46,"column":25},"end":{"line":46,"column":130}},"28":{"start":{"line":47,"column":8},"end":{"line":47,"column":42}},"29":{"start":{"line":51,"column":8},"end":{"line":56,"column":9}},"30":{"start":{"line":52,"column":29},"end":{"line":52,"column":114}},"31":{"start":{"line":53,"column":12},"end":{"line":53,"column":46}},"32":{"start":{"line":55,"column":12},"end":{"line":55,"column":54}},"33":{"start":{"line":60,"column":0},"end":{"line":60,"column":22}}},"fnMap":{"0":{"name":"(anonymous_0)","decl":{"start":{"line":4,"column":4},"end":{"line":4,"column":5}},"loc":{"start":{"line":4,"column":90},"end":{"line":11,"column":5}},"line":4},"1":{"name":"(anonymous_1)","decl":{"start":{"line":13,"column":4},"end":{"line":13,"column":5}},"loc":{"start":{"line":13,"column":35},"end":{"line":21,"column":5}},"line":13},"2":{"name":"(anonymous_2)","decl":{"start":{"line":23,"column":4},"end":{"line":23,"column":5}},"loc":{"start":{"line":23,"column":41},"end":{"line":30,"column":5}},"line":23},"3":{"name":"(anonymous_3)","decl":{"start":{"line":29,"column":33},"end":{"line":29,"column":34}},"loc":{"start":{"line":29,"column":38},"end":{"line":29,"column":50}},"line":29},"4":{"name":"(anonymous_4)","decl":{"start":{"line":32,"column":4},"end":{"line":32,"column":5}},"loc":{"start":{"line":32,"column":35},"end":{"line":39,"column":5}},"line":32},"5":{"name":"(anonymous_5)","decl":{"start":{"line":41,"column":4},"end":{"line":41,"column":5}},"loc":{"start":{"line":41,"column":27},"end":{"line":48,"column":5}},"line":41},"6":{"name":"(anonymous_6)","decl":{"start":{"line":50,"column":4},"end":{"line":50,"column":5}},"loc":{"start":{"line":50,"column":27},"end":{"line":57,"column":5}},"line":50}},"branchMap":{"0":{"loc":{"start":{"line":16,"column":8},"end":{"line":18,"column":9}},"type":"if","locations":[{"start":{"line":16,"column":8},"end":{"line":18,"column":9}},{"start":{},"end":{}}],"line":16},"1":{"loc":{"start":{"line":16,"column":11},"end":{"line":16,"column":34}},"type":"binary-expr","locations":[{"start":{"line":16,"column":11},"end":{"line":16,"column":22}},{"start":{"line":16,"column":26},"end":{"line":16,"column":34}}],"line":16},"2":{"loc":{"start":{"line":26,"column":8},"end":{"line":28,"column":9}},"type":"if","locations":[{"start":{"line":26,"column":8},"end":{"line":28,"column":9}},{"start":{},"end":{}}],"line":26},"3":{"loc":{"start":{"line":35,"column":8},"end":{"line":37,"column":9}},"type":"if","locations":[{"start":{"line":35,"column":8},"end":{"line":37,"column":9}},{"start":{},"end":{}}],"line":35},"4":{"loc":{"start":{"line":43,"column":8},"end":{"line":45,"column":9}},"type":"if","locations":[{"start":{"line":43,"column":8},"end":{"line":45,"column":9}},{"start":{},"end":{}}],"line":43}},"s":{"0":1,"1":10,"2":10,"3":10,"4":10,"5":10,"6":10,"7":2,"8":2,"9":2,"10":1,"11":1,"12":1,"13":2,"14":2,"15":2,"16":1,"17":1,"18":1,"19":2,"20":2,"21":2,"22":1,"23":1,"24":2,"25":2,"26":0,"27":2,"28":2,"29":2,"30":2,"31":1,"32":1,"33":1},"f":{"0":10,"1":2,"2":2,"3":1,"4":2,"5":2,"6":2},"b":{"0":[1,1],"1":[2,1],"2":[1,1],"3":[1,1],"4":[0,2]},"_coverageSchema":"1a1c01bbd47fc00a2c39e90264f33305004495a9","hash":"c696d2727cb6db4929d469afe1c8afe964fec6b9"}
,"C:\\Users\\Dexte\\Desktop\\guthrie\\lap2\\FlorinConnect-BE\\api\\models\\User.js": {"path":"C:\\Users\\Dexte\\Desktop\\guthrie\\lap2\\FlorinConnect-BE\\api\\models\\User.js","statementMap":{"0":{"start":{"line":1,"column":11},"end":{"line":1,"column":41}},"1":{"start":{"line":6,"column":8},"end":{"line":6,"column":37}},"2":{"start":{"line":7,"column":8},"end":{"line":7,"column":33}},"3":{"start":{"line":8,"column":8},"end":{"line":8,"column":33}},"4":{"start":{"line":9,"column":8},"end":{"line":9,"column":32}},"5":{"start":{"line":13,"column":25},"end":{"line":13,"column":92}},"6":{"start":{"line":14,"column":8},"end":{"line":16,"column":9}},"7":{"start":{"line":15,"column":12},"end":{"line":15,"column":54}},"8":{"start":{"line":17,"column":8},"end":{"line":17,"column":42}},"9":{"start":{"line":21,"column":25},"end":{"line":21,"column":96}},"10":{"start":{"line":22,"column":8},"end":{"line":24,"column":9}},"11":{"start":{"line":23,"column":12},"end":{"line":23,"column":54}},"12":{"start":{"line":25,"column":8},"end":{"line":25,"column":42}},"13":{"start":{"line":29,"column":48},"end":{"line":29,"column":52}},"14":{"start":{"line":30,"column":8},"end":{"line":32,"column":9}},"15":{"start":{"line":31,"column":12},"end":{"line":31,"column":47}},"16":{"start":{"line":33,"column":25},"end":{"line":33,"column":156}},"17":{"start":{"line":34,"column":8},"end":{"line":34,"column":32}},"18":{"start":{"line":38,"column":0},"end":{"line":38,"column":22}}},"fnMap":{"0":{"name":"(anonymous_0)","decl":{"start":{"line":5,"column":4},"end":{"line":5,"column":5}},"loc":{"start":{"line":5,"column":62},"end":{"line":10,"column":5}},"line":5},"1":{"name":"(anonymous_1)","decl":{"start":{"line":12,"column":4},"end":{"line":12,"column":5}},"loc":{"start":{"line":12,"column":32},"end":{"line":18,"column":5}},"line":12},"2":{"name":"(anonymous_2)","decl":{"start":{"line":20,"column":4},"end":{"line":20,"column":5}},"loc":{"start":{"line":20,"column":44},"end":{"line":26,"column":5}},"line":20},"3":{"name":"(anonymous_3)","decl":{"start":{"line":28,"column":4},"end":{"line":28,"column":5}},"loc":{"start":{"line":28,"column":30},"end":{"line":35,"column":5}},"line":28}},"branchMap":{"0":{"loc":{"start":{"line":14,"column":8},"end":{"line":16,"column":9}},"type":"if","locations":[{"start":{"line":14,"column":8},"end":{"line":16,"column":9}},{"start":{},"end":{}}],"line":14},"1":{"loc":{"start":{"line":22,"column":8},"end":{"line":24,"column":9}},"type":"if","locations":[{"start":{"line":22,"column":8},"end":{"line":24,"column":9}},{"start":{},"end":{}}],"line":22},"2":{"loc":{"start":{"line":30,"column":8},"end":{"line":32,"column":9}},"type":"if","locations":[{"start":{"line":30,"column":8},"end":{"line":32,"column":9}},{"start":{},"end":{}}],"line":30},"3":{"loc":{"start":{"line":30,"column":11},"end":{"line":30,"column":45}},"type":"binary-expr","locations":[{"start":{"line":30,"column":11},"end":{"line":30,"column":20}},{"start":{"line":30,"column":24},"end":{"line":30,"column":33}},{"start":{"line":30,"column":37},"end":{"line":30,"column":45}}],"line":30}},"s":{"0":1,"1":2,"2":2,"3":2,"4":2,"5":2,"6":2,"7":1,"8":1,"9":2,"10":2,"11":1,"12":1,"13":2,"14":2,"15":1,"16":1,"17":1,"18":1},"f":{"0":2,"1":2,"2":2,"3":2},"b":{"0":[1,1],"1":[1,1],"2":[1,1],"3":[2,1,1]},"_coverageSchema":"1a1c01bbd47fc00a2c39e90264f33305004495a9","hash":"3b58a93218b62d3fce4e37690c449de196969e04"}
}
