{"C:\\Users\\Dexte\\Desktop\\guthrie\\lap2\\FlorinConnect-BE\\api\\database\\connect.js": {"path":"C:\\Users\\Dexte\\Desktop\\guthrie\\lap2\\FlorinConnect-BE\\api\\database\\connect.js","statementMap":{"0":{"start":{"line":1,"column":17},"end":{"line":1,"column":30}},"1":{"start":{"line":2,"column":11},"end":{"line":4,"column":2}},"2":{"start":{"line":6,"column":0},"end":{"line":6,"column":19}}},"fnMap":{},"branchMap":{},"s":{"0":1,"1":1,"2":1},"f":{},"b":{},"_coverageSchema":"1a1c01bbd47fc00a2c39e90264f33305004495a9","hash":"6b35e17be9b1f159b090ae5d75469af685a170bb"}
,"C:\\Users\\Dexte\\Desktop\\guthrie\\lap2\\FlorinConnect-BE\\api\\models\\Post.js": {"path":"C:\\Users\\Dexte\\Desktop\\guthrie\\lap2\\FlorinConnect-BE\\api\\models\\Post.js","statementMap":{"0":{"start":{"line":1,"column":11},"end":{"line":1,"column":44}},"1":{"start":{"line":5,"column":8},"end":{"line":5,"column":30}},"2":{"start":{"line":6,"column":8},"end":{"line":6,"column":36}},"3":{"start":{"line":7,"column":8},"end":{"line":7,"column":32}},"4":{"start":{"line":8,"column":8},"end":{"line":8,"column":26}},"5":{"start":{"line":9,"column":8},"end":{"line":9,"column":30}},"6":{"start":{"line":10,"column":8},"end":{"line":10,"column":38}},"7":{"start":{"line":11,"column":8},"end":{"line":11,"column":46}},"8":{"start":{"line":15,"column":57},"end":{"line":15,"column":61}},"9":{"start":{"line":16,"column":8},"end":{"line":18,"column":9}},"10":{"start":{"line":17,"column":12},"end":{"line":17,"column":47}},"11":{"start":{"line":19,"column":25},"end":{"line":19,"column":206}},"12":{"start":{"line":20,"column":8},"end":{"line":21,"column":41}},"13":{"start":{"line":21,"column":8},"end":{"line":21,"column":41}},"14":{"start":{"line":25,"column":25},"end":{"line":25,"column":162}},"15":{"start":{"line":26,"column":8},"end":{"line":28,"column":9}},"16":{"start":{"line":27,"column":12},"end":{"line":27,"column":46}},"17":{"start":{"line":29,"column":8},"end":{"line":29,"column":50}},"18":{"start":{"line":29,"column":38},"end":{"line":29,"column":49}},"19":{"start":{"line":33,"column":29},"end":{"line":33,"column":33}},"20":{"start":{"line":34,"column":25},"end":{"line":34,"column":256}},"21":{"start":{"line":35,"column":8},"end":{"line":37,"column":9}},"22":{"start":{"line":36,"column":12},"end":{"line":36,"column":67}},"23":{"start":{"line":38,"column":8},"end":{"line":38,"column":50}},"24":{"start":{"line":38,"column":38},"end":{"line":38,"column":49}},"25":{"start":{"line":42,"column":25},"end":{"line":42,"column":29}},"26":{"start":{"line":43,"column":8},"end":{"line":43,"column":36}},"27":{"start":{"line":44,"column":8},"end":{"line":44,"column":29}},"28":{"start":{"line":45,"column":25},"end":{"line":45,"column":195}},"29":{"start":{"line":46,"column":8},"end":{"line":48,"column":9}},"30":{"start":{"line":47,"column":12},"end":{"line":47,"column":69}},"31":{"start":{"line":49,"column":8},"end":{"line":49,"column":50}},"32":{"start":{"line":49,"column":38},"end":{"line":49,"column":49}},"33":{"start":{"line":53,"column":19},"end":{"line":53,"column":23}},"34":{"start":{"line":54,"column":25},"end":{"line":54,"column":188}},"35":{"start":{"line":55,"column":8},"end":{"line":55,"column":41}},"36":{"start":{"line":59,"column":45},"end":{"line":59,"column":49}},"37":{"start":{"line":60,"column":25},"end":{"line":60,"column":171}},"38":{"start":{"line":61,"column":8},"end":{"line":61,"column":41}},"39":{"start":{"line":65,"column":25},"end":{"line":65,"column":107}},"40":{"start":{"line":66,"column":8},"end":{"line":68,"column":9}},"41":{"start":{"line":67,"column":12},"end":{"line":67,"column":61}},"42":{"start":{"line":69,"column":8},"end":{"line":69,"column":41}},"43":{"start":{"line":73,"column":0},"end":{"line":73,"column":21}}},"fnMap":{"0":{"name":"(anonymous_0)","decl":{"start":{"line":4,"column":4},"end":{"line":4,"column":5}},"loc":{"start":{"line":4,"column":97},"end":{"line":12,"column":5}},"line":4},"1":{"name":"(anonymous_1)","decl":{"start":{"line":14,"column":4},"end":{"line":14,"column":5}},"loc":{"start":{"line":14,"column":29},"end":{"line":22,"column":5}},"line":14},"2":{"name":"(anonymous_2)","decl":{"start":{"line":24,"column":4},"end":{"line":24,"column":5}},"loc":{"start":{"line":24,"column":31},"end":{"line":30,"column":5}},"line":24},"3":{"name":"(anonymous_3)","decl":{"start":{"line":29,"column":33},"end":{"line":29,"column":34}},"loc":{"start":{"line":29,"column":38},"end":{"line":29,"column":49}},"line":29},"4":{"name":"(anonymous_4)","decl":{"start":{"line":32,"column":4},"end":{"line":32,"column":5}},"loc":{"start":{"line":32,"column":40},"end":{"line":39,"column":5}},"line":32},"5":{"name":"(anonymous_5)","decl":{"start":{"line":38,"column":33},"end":{"line":38,"column":34}},"loc":{"start":{"line":38,"column":38},"end":{"line":38,"column":49}},"line":38},"6":{"name":"(anonymous_6)","decl":{"start":{"line":41,"column":4},"end":{"line":41,"column":5}},"loc":{"start":{"line":41,"column":41},"end":{"line":50,"column":5}},"line":41},"7":{"name":"(anonymous_7)","decl":{"start":{"line":49,"column":33},"end":{"line":49,"column":34}},"loc":{"start":{"line":49,"column":38},"end":{"line":49,"column":49}},"line":49},"8":{"name":"(anonymous_8)","decl":{"start":{"line":52,"column":4},"end":{"line":52,"column":5}},"loc":{"start":{"line":52,"column":35},"end":{"line":56,"column":5}},"line":52},"9":{"name":"(anonymous_9)","decl":{"start":{"line":58,"column":4},"end":{"line":58,"column":5}},"loc":{"start":{"line":58,"column":26},"end":{"line":62,"column":5}},"line":58},"10":{"name":"(anonymous_10)","decl":{"start":{"line":64,"column":4},"end":{"line":64,"column":5}},"loc":{"start":{"line":64,"column":26},"end":{"line":70,"column":5}},"line":64}},"branchMap":{"0":{"loc":{"start":{"line":16,"column":8},"end":{"line":18,"column":9}},"type":"if","locations":[{"start":{"line":16,"column":8},"end":{"line":18,"column":9}},{"start":{},"end":{}}],"line":16},"1":{"loc":{"start":{"line":16,"column":11},"end":{"line":16,"column":57}},"type":"binary-expr","locations":[{"start":{"line":16,"column":11},"end":{"line":16,"column":22}},{"start":{"line":16,"column":26},"end":{"line":16,"column":35}},{"start":{"line":16,"column":39},"end":{"line":16,"column":45}},{"start":{"line":16,"column":49},"end":{"line":16,"column":57}}],"line":16},"2":{"loc":{"start":{"line":20,"column":8},"end":{"line":21,"column":41}},"type":"if","locations":[{"start":{"line":20,"column":8},"end":{"line":21,"column":41}},{"start":{},"end":{}}],"line":20},"3":{"loc":{"start":{"line":26,"column":8},"end":{"line":28,"column":9}},"type":"if","locations":[{"start":{"line":26,"column":8},"end":{"line":28,"column":9}},{"start":{},"end":{}}],"line":26},"4":{"loc":{"start":{"line":35,"column":8},"end":{"line":37,"column":9}},"type":"if","locations":[{"start":{"line":35,"column":8},"end":{"line":37,"column":9}},{"start":{},"end":{}}],"line":35},"5":{"loc":{"start":{"line":46,"column":8},"end":{"line":48,"column":9}},"type":"if","locations":[{"start":{"line":46,"column":8},"end":{"line":48,"column":9}},{"start":{},"end":{}}],"line":46},"6":{"loc":{"start":{"line":66,"column":8},"end":{"line":68,"column":9}},"type":"if","locations":[{"start":{"line":66,"column":8},"end":{"line":68,"column":9}},{"start":{},"end":{}}],"line":66}},"s":{"0":1,"1":7,"2":7,"3":7,"4":7,"5":7,"6":7,"7":7,"8":2,"9":2,"10":1,"11":1,"12":1,"13":1,"14":2,"15":2,"16":1,"17":1,"18":3,"19":2,"20":2,"21":2,"22":1,"23":1,"24":2,"25":2,"26":2,"27":2,"28":2,"29":2,"30":1,"31":1,"32":1,"33":0,"34":0,"35":0,"36":0,"37":0,"38":0,"39":0,"40":0,"41":0,"42":0,"43":1},"f":{"0":7,"1":2,"2":2,"3":3,"4":2,"5":2,"6":2,"7":1,"8":0,"9":0,"10":0},"b":{"0":[1,1],"1":[2,1,1,1],"2":[1,0],"3":[1,1],"4":[1,1],"5":[1,1],"6":[0,0]},"_coverageSchema":"1a1c01bbd47fc00a2c39e90264f33305004495a9","hash":"819558a2cd4c4ef8870ac0c6506b6f6adea5ec2b"}
}
