TN:
SF:app.js
FN:19,(anonymous_0)
FNF:1
FNH:1
FNDA:1,(anonymous_0)
DA:1,1
DA:2,1
DA:4,1
DA:5,1
DA:6,1
DA:7,1
DA:9,1
DA:11,1
DA:12,1
DA:14,1
DA:15,1
DA:16,1
DA:17,1
DA:19,1
DA:20,1
DA:27,1
LF:16
LH:16
BRF:0
BRH:0
end_of_record
TN:
SF:__tests__\integration\config.js
FN:10,(anonymous_0)
FN:11,(anonymous_1)
FNF:2
FNH:2
FNDA:1,(anonymous_0)
FNDA:1,(anonymous_1)
DA:1,1
DA:2,1
DA:4,1
DA:5,1
DA:8,1
DA:10,1
DA:11,1
DA:12,1
DA:13,1
DA:16,1
DA:17,1
DA:19,0
DA:24,1
LF:13
LH:12
BRF:0
BRH:0
end_of_record
TN:
SF:controllers\postController.js
FN:3,create
FN:12,getAllPosts
FN:20,searchPostsByContent
FN:30,searchPostsByCategory
FN:40,getPostById
FN:50,updatePostById
FN:62,deletePostById
FNF:7
FNH:6
FNDA:2,create
FNDA:2,getAllPosts
FNDA:2,searchPostsByContent
FNDA:0,searchPostsByCategory
FNDA:2,getPostById
FNDA:1,updatePostById
FNDA:1,deletePostById
DA:1,2
DA:4,2
DA:5,2
DA:6,2
DA:7,1
DA:9,1
DA:13,2
DA:14,2
DA:15,1
DA:17,1
DA:21,2
DA:22,2
DA:23,2
DA:24,1
DA:26,1
DA:31,0
DA:32,0
DA:33,0
DA:34,0
DA:36,0
DA:41,2
DA:42,2
DA:43,2
DA:44,1
DA:46,1
DA:51,1
DA:52,1
DA:53,1
DA:54,1
DA:55,1
DA:56,1
DA:58,0
DA:63,1
DA:64,1
DA:65,1
DA:66,1
DA:67,1
DA:69,0
DA:73,2
LF:39
LH:32
BRF:0
BRH:0
end_of_record
TN:
SF:controllers\replyController.js
FN:3,create
FN:15,getRepliesByPostId
FN:25,getReplyById
FN:35,updateReplyById
FN:47,deleteReplyById
FNF:5
FNH:5
FNDA:2,create
FNDA:2,getRepliesByPostId
FNDA:2,getReplyById
FNDA:1,updateReplyById
FNDA:1,deleteReplyById
DA:1,2
DA:4,2
DA:5,2
DA:6,2
DA:7,2
DA:8,1
DA:10,1
DA:16,2
DA:17,2
DA:18,2
DA:19,1
DA:21,1
DA:26,2
DA:27,2
DA:28,2
DA:29,1
DA:31,1
DA:36,1
DA:37,1
DA:38,1
DA:39,1
DA:40,1
DA:41,1
DA:43,0
DA:48,1
DA:49,1
DA:50,1
DA:51,1
DA:52,1
DA:54,0
DA:58,2
LF:31
LH:29
BRF:0
BRH:0
end_of_record
TN:
SF:controllers\userController.js
FN:6,register
FN:18,login
FN:34,getAccountByToken
FNF:3
FNH:3
FNDA:3,register
FNDA:1,login
FNDA:2,getAccountByToken
DA:1,2
DA:3,2
DA:4,2
DA:7,3
DA:8,3
DA:9,3
DA:10,3
DA:11,3
DA:12,1
DA:14,2
DA:19,1
DA:20,1
DA:21,1
DA:22,1
DA:23,1
DA:24,0
DA:26,1
DA:27,1
DA:30,0
DA:35,2
DA:36,2
DA:37,2
DA:38,1
DA:39,1
DA:41,1
DA:45,2
LF:26
LH:24
BRDA:23,0,0,0
BRDA:23,0,1,1
BRF:2
BRH:1
end_of_record
TN:
SF:database\connect.js
FNF:0
FNH:0
DA:1,8
DA:2,8
DA:6,8
LF:3
LH:3
BRF:0
BRH:0
end_of_record
TN:
SF:middleware\logger.js
FN:1,logRoutes
FNF:1
FNH:1
FNDA:1,logRoutes
DA:2,1
DA:3,1
DA:6,1
LF:3
LH:3
BRF:0
BRH:0
end_of_record
TN:
SF:models\Post.js
FN:4,(anonymous_0)
FN:14,(anonymous_1)
FN:24,(anonymous_2)
FN:29,(anonymous_3)
FN:32,(anonymous_4)
FN:38,(anonymous_5)
FN:41,(anonymous_6)
FN:47,(anonymous_7)
FN:50,(anonymous_8)
FN:59,(anonymous_9)
FN:68,(anonymous_10)
FNF:11
FNH:11
FNDA:22,(anonymous_0)
FNDA:2,(anonymous_1)
FNDA:2,(anonymous_2)
FNDA:3,(anonymous_3)
FNDA:2,(anonymous_4)
FNDA:2,(anonymous_5)
FNDA:2,(anonymous_6)
FNDA:1,(anonymous_7)
FNDA:2,(anonymous_8)
FNDA:2,(anonymous_9)
FNDA:2,(anonymous_10)
DA:1,3
DA:5,22
DA:6,22
DA:7,22
DA:8,22
DA:9,22
DA:10,22
DA:11,22
DA:15,2
DA:16,2
DA:17,1
DA:19,1
DA:20,1
DA:21,1
DA:25,2
DA:26,2
DA:27,1
DA:29,3
DA:33,2
DA:34,2
DA:35,2
DA:36,1
DA:38,2
DA:42,2
DA:43,2
DA:44,2
DA:45,1
DA:47,1
DA:51,2
DA:52,2
DA:53,2
DA:54,1
DA:56,1
DA:60,2
DA:61,2
DA:62,1
DA:64,1
DA:65,1
DA:69,2
DA:70,2
DA:71,1
DA:72,0
DA:74,1
DA:76,1
DA:81,3
LF:45
LH:44
BRDA:16,0,0,1
BRDA:16,0,1,1
BRDA:16,1,0,2
BRDA:16,1,1,1
BRDA:16,1,2,1
BRDA:16,1,3,1
BRDA:20,2,0,1
BRDA:20,2,1,0
BRDA:26,3,0,1
BRDA:26,3,1,1
BRDA:35,4,0,1
BRDA:35,4,1,1
BRDA:44,5,0,1
BRDA:44,5,1,1
BRDA:53,6,0,1
BRDA:53,6,1,1
BRDA:61,7,0,1
BRDA:61,7,1,1
BRDA:61,8,0,2
BRDA:61,8,1,1
BRDA:61,8,2,1
BRDA:71,9,0,0
BRDA:71,9,1,1
BRF:23
BRH:21
end_of_record
TN:
SF:models\Reply.js
FN:4,(anonymous_0)
FN:13,(anonymous_1)
FN:23,(anonymous_2)
FN:29,(anonymous_3)
FN:32,(anonymous_4)
FN:41,(anonymous_5)
FN:50,(anonymous_6)
FNF:7
FNH:7
FNDA:22,(anonymous_0)
FNDA:2,(anonymous_1)
FNDA:2,(anonymous_2)
FNDA:1,(anonymous_3)
FNDA:2,(anonymous_4)
FNDA:2,(anonymous_5)
FNDA:2,(anonymous_6)
DA:1,3
DA:5,22
DA:6,22
DA:7,22
DA:8,22
DA:9,22
DA:10,22
DA:14,2
DA:15,2
DA:16,2
DA:17,1
DA:19,1
DA:20,1
DA:24,2
DA:25,2
DA:26,2
DA:27,1
DA:29,1
DA:33,2
DA:34,2
DA:35,2
DA:36,1
DA:38,1
DA:42,2
DA:43,2
DA:44,0
DA:46,2
DA:47,2
DA:51,2
DA:52,2
DA:53,1
DA:55,1
DA:60,3
LF:33
LH:32
BRDA:16,0,0,1
BRDA:16,0,1,1
BRDA:16,1,0,2
BRDA:16,1,1,1
BRDA:26,2,0,1
BRDA:26,2,1,1
BRDA:35,3,0,1
BRDA:35,3,1,1
BRDA:43,4,0,0
BRDA:43,4,1,2
BRF:10
BRH:9
end_of_record
TN:
SF:models\Token.js
FN:8,(anonymous_0)
FN:14,(anonymous_1)
FN:23,(anonymous_2)
FN:32,(anonymous_3)
FN:41,(anonymous_4)
FNF:5
FNH:2
FNDA:1,(anonymous_0)
FNDA:2,(anonymous_1)
FNDA:0,(anonymous_2)
FNDA:0,(anonymous_3)
FNDA:0,(anonymous_4)
DA:1,3
DA:3,3
DA:4,3
DA:9,1
DA:10,1
DA:11,1
DA:15,2
DA:16,2
DA:17,1
DA:19,1
DA:20,1
DA:24,0
DA:25,0
DA:26,0
DA:28,0
DA:33,0
DA:34,0
DA:35,0
DA:37,0
DA:42,0
DA:43,0
DA:44,0
DA:46,0
DA:51,3
LF:24
LH:12
BRDA:16,0,0,1
BRDA:16,0,1,1
BRDA:25,1,0,0
BRDA:25,1,1,0
BRDA:34,2,0,0
BRDA:34,2,1,0
BRDA:43,3,0,0
BRDA:43,3,1,0
BRF:8
BRH:2
end_of_record
TN:
SF:models\User.js
FN:5,(anonymous_0)
FN:12,(anonymous_1)
FN:20,(anonymous_2)
FN:28,(anonymous_3)
FNF:4
FNH:4
FNDA:4,(anonymous_0)
FNDA:2,(anonymous_1)
FNDA:2,(anonymous_2)
FNDA:2,(anonymous_3)
DA:1,4
DA:6,4
DA:7,4
DA:8,4
DA:9,4
DA:13,2
DA:14,2
DA:15,1
DA:17,1
DA:21,2
DA:22,2
DA:23,1
DA:25,1
DA:29,2
DA:30,2
DA:31,1
DA:33,1
DA:34,1
DA:35,0
DA:37,1
DA:38,1
DA:42,4
LF:22
LH:21
BRDA:14,0,0,1
BRDA:14,0,1,1
BRDA:22,1,0,1
BRDA:22,1,1,1
BRDA:30,2,0,1
BRDA:30,2,1,1
BRDA:30,3,0,2
BRDA:30,3,1,1
BRDA:30,3,2,1
BRDA:34,4,0,0
BRDA:34,4,1,1
BRF:11
BRH:10
end_of_record
TN:
SF:routes\postRoutes.js
FNF:0
FNH:0
DA:1,1
DA:3,1
DA:5,1
DA:7,1
DA:8,1
DA:9,1
DA:10,1
DA:11,1
DA:12,1
DA:13,1
DA:15,1
LF:11
LH:11
BRF:0
BRH:0
end_of_record
TN:
SF:routes\replyRoutes.js
FNF:0
FNH:0
DA:1,1
DA:3,1
DA:5,1
DA:7,1
DA:8,1
DA:9,1
DA:10,1
DA:11,1
DA:13,1
LF:9
LH:9
BRF:0
BRH:0
end_of_record
TN:
SF:routes\userRoutes.js
FNF:0
FNH:0
DA:1,1
DA:3,1
DA:5,1
DA:7,1
DA:8,1
DA:9,1
DA:11,1
LF:7
LH:7
BRF:0
BRH:0
end_of_record
